[2026-03-19 05:49:50] local.ERROR: The C:\Users\edwin\Desktop\REpos\SitemaTicketApi\bootstrap\cache directory must be present and writable. {"exception":"[object] (Exception(code: 0): The C:\\Users\\edwin\\Desktop\\REpos\\SitemaTicketApi\\bootstrap\\cache directory must be present and writable. at C:/Users/edwin/Desktop/REpos/SitemaTicketApi/vendor/laravel/framework/src/Illuminate/Foundation/PackageManifest.php:179)
[stacktrace]
#0 C:/Users/edwin/Desktop/REpos/SitemaTicketApi/vendor/laravel/framework/src/Illuminate/Foundation/PackageManifest.php(132): Illuminate/Foundation/PackageManifest->write(Array)
#1 C:/Users/edwin/Desktop/REpos/SitemaTicketApi/vendor/laravel/framework/src/Illuminate/Foundation/PackageManifest.php(108): Illuminate/Foundation/PackageManifest->build()
#2 C:/Users/edwin/Desktop/REpos/SitemaTicketApi/vendor/laravel/framework/src/Illuminate/Foundation/PackageManifest.php(91): Illuminate/Foundation/PackageManifest->getManifest()
#3 C:/Users/edwin/Desktop/REpos/SitemaTicketApi/vendor/laravel/framework/src/Illuminate/Foundation/PackageManifest.php(80): Illuminate/Foundation/PackageManifest->config('aliases')
#4 C:/Users/edwin/Desktop/REpos/SitemaTicketApi/vendor/laravel/framework/src/Illuminate/Foundation/Bootstrap/RegisterFacades.php(26): Illuminate/Foundation/PackageManifest->aliases()
#5 C:/Users/edwin/Desktop/REpos/SitemaTicketApi/vendor/laravel/framework/src/Illuminate/Foundation/Application.php(342): Illuminate/Foundation/Bootstrap/RegisterFacades->bootstrap(Object(Illuminate/Foundation/Application))
#6 C:/Users/edwin/Desktop/REpos/SitemaTicketApi/vendor/laravel/framework/src/Illuminate/Foundation/Console/Kernel.php(474): Illuminate/Foundation/Application->bootstrapWith(Array)
#7 C:/Users/edwin/Desktop/REpos/SitemaTicketApi/vendor/laravel/framework/src/Illuminate/Foundation/Console/Kernel.php(196): Illuminate/Foundation/Console/Kernel->bootstrap()
#8 C:/Users/edwin/Desktop/REpos/SitemaTicketApi/artisan(12): Illuminate/Foundation/Console/Kernel->handle(Object(Symfony/Component/Console/Input/ArgvInput), Object(Symfony/Component/Console/Output/ConsoleOutput))
#9 {main}
"} 
[2026-03-19 05:50:52] local.ERROR: Target class [files] does not exist. {"exception":"[object] (Illuminate\\Contracts\\Container\\BindingResolutionException(code: 0): Target class [files] does not exist. at C:/Users/edwin/Desktop/REpos/SitemaTicketApi/vendor/laravel/framework/src/Illuminate/Container/Container.php:961)
[stacktrace]
#0 C:/Users/edwin/Desktop/REpos/SitemaTicketApi/vendor/laravel/framework/src/Illuminate/Container/Container.php(832): Illuminate/Container/Container->build('files')
#1 C:/Users/edwin/Desktop/REpos/SitemaTicketApi/vendor/laravel/framework/src/Illuminate/Foundation/Application.php(1078): Illuminate/Container/Container->resolve('files', Array, true)
#2 C:/Users/edwin/Desktop/REpos/SitemaTicketApi/vendor/laravel/framework/src/Illuminate/Container/Container.php(763): Illuminate/Foundation/Application->resolve('files', Array)
#3 C:/Users/edwin/Desktop/REpos/SitemaTicketApi/vendor/laravel/framework/src/Illuminate/Foundation/Application.php(1058): Illuminate/Container/Container->make('files', Array)
#4 C:/Users/edwin/Desktop/REpos/SitemaTicketApi/vendor/laravel/framework/src/Illuminate/Container/Container.php(1580): Illuminate/Foundation/Application->make('files')
#5 C:/Users/edwin/Desktop/REpos/SitemaTicketApi/vendor/laravel/framework/src/Illuminate/Foundation/Application.php(1325): Illuminate/Container/Container->offsetGet('files')
#6 C:/Users/edwin/Desktop/REpos/SitemaTicketApi/vendor/laravel/sanctum/src/SanctumServiceProvider.php(68): Illuminate/Foundation/Application->routesAreCached()
#7 C:/Users/edwin/Desktop/REpos/SitemaTicketApi/vendor/laravel/sanctum/src/SanctumServiceProvider.php(56): Laravel/Sanctum/SanctumServiceProvider->defineRoutes()
#8 C:/Users/edwin/Desktop/REpos/SitemaTicketApi/vendor/laravel/framework/src/Illuminate/Container/BoundMethod.php(36): Laravel/Sanctum/SanctumServiceProvider->boot()
#9 C:/Users/edwin/Desktop/REpos/SitemaTicketApi/vendor/laravel/framework/src/Illuminate/Container/Util.php(43): Illuminate/Container/BoundMethod::Illuminate/Container/{closure}()
#10 C:/Users/edwin/Desktop/REpos/SitemaTicketApi/vendor/laravel/framework/src/Illuminate/Container/BoundMethod.php(95): Illuminate/Container/Util::unwrapIfClosure(Object(Closure))
#11 C:/Users/edwin/Desktop/REpos/SitemaTicketApi/vendor/laravel/framework/src/Illuminate/Container/BoundMethod.php(35): Illuminate/Container/BoundMethod::callBoundMethod(Object(Illuminate/Foundation/Application), Array, Object(Closure))
#12 C:/Users/edwin/Desktop/REpos/SitemaTicketApi/vendor/laravel/framework/src/Illuminate/Container/Container.php(696): Illuminate/Container/BoundMethod::call(Object(Illuminate/Foundation/Application), Array, Array, NULL)
#13 C:/Users/edwin/Desktop/REpos/SitemaTicketApi/vendor/laravel/framework/src/Illuminate/Foundation/Application.php(1151): Illuminate/Container/Container->call(Array)
#14 C:/Users/edwin/Desktop/REpos/SitemaTicketApi/vendor/laravel/framework/src/Illuminate/Foundation/Application.php(1132): Illuminate/Foundation/Application->bootProvider(Object(Laravel/Sanctum/SanctumServiceProvider))
#15 [internal function]: Illuminate/Foundation/Application->Illuminate/Foundation/{closure}(Object(Laravel/Sanctum/SanctumServiceProvider), 'Laravel//Sanctum...')
#16 C:/Users/edwin/Desktop/REpos/SitemaTicketApi/vendor/laravel/framework/src/Illuminate/Foundation/Application.php(1131): array_walk(Array, Object(Closure))
#17 C:/Users/edwin/Desktop/REpos/SitemaTicketApi/vendor/laravel/framework/src/Illuminate/Foundation/Bootstrap/BootProviders.php(17): Illuminate/Foundation/Application->boot()
#18 C:/Users/edwin/Desktop/REpos/SitemaTicketApi/vendor/laravel/framework/src/Illuminate/Foundation/Application.php(342): Illuminate/Foundation/Bootstrap/BootProviders->bootstrap(Object(Illuminate/Foundation/Application))
#19 C:/Users/edwin/Desktop/REpos/SitemaTicketApi/vendor/laravel/framework/src/Illuminate/Foundation/Console/Kernel.php(474): Illuminate/Foundation/Application->bootstrapWith(Array)
#20 C:/Users/edwin/Desktop/REpos/SitemaTicketApi/vendor/laravel/framework/src/Illuminate/Foundation/Console/Kernel.php(196): Illuminate/Foundation/Console/Kernel->bootstrap()
#21 C:/Users/edwin/Desktop/REpos/SitemaTicketApi/artisan(12): Illuminate/Foundation/Console/Kernel->handle(Object(Symfony/Component/Console/Input/ArgvInput), Object(Symfony/Component/Console/Output/ConsoleOutput))
#22 {main}

[previous exception] [object] (ReflectionException(code: -1): Class \"files\" does not exist at C:/Users/edwin/Desktop/REpos/SitemaTicketApi/vendor/laravel/framework/src/Illuminate/Container/Container.php:959)
[stacktrace]
#0 C:/Users/edwin/Desktop/REpos/SitemaTicketApi/vendor/laravel/framework/src/Illuminate/Container/Container.php(959): ReflectionClass->__construct('files')
#1 C:/Users/edwin/Desktop/REpos/SitemaTicketApi/vendor/laravel/framework/src/Illuminate/Container/Container.php(832): Illuminate/Container/Container->build('files')
#2 C:/Users/edwin/Desktop/REpos/SitemaTicketApi/vendor/laravel/framework/src/Illuminate/Foundation/Application.php(1078): Illuminate/Container/Container->resolve('files', Array, true)
#3 C:/Users/edwin/Desktop/REpos/SitemaTicketApi/vendor/laravel/framework/src/Illuminate/Container/Container.php(763): Illuminate/Foundation/Application->resolve('files', Array)
#4 C:/Users/edwin/Desktop/REpos/SitemaTicketApi/vendor/laravel/framework/src/Illuminate/Foundation/Application.php(1058): Illuminate/Container/Container->make('files', Array)
#5 C:/Users/edwin/Desktop/REpos/SitemaTicketApi/vendor/laravel/framework/src/Illuminate/Container/Container.php(1580): Illuminate/Foundation/Application->make('files')
#6 C:/Users/edwin/Desktop/REpos/SitemaTicketApi/vendor/laravel/framework/src/Illuminate/Foundation/Application.php(1325): Illuminate/Container/Container->offsetGet('files')
#7 C:/Users/edwin/Desktop/REpos/SitemaTicketApi/vendor/laravel/sanctum/src/SanctumServiceProvider.php(68): Illuminate/Foundation/Application->routesAreCached()
#8 C:/Users/edwin/Desktop/REpos/SitemaTicketApi/vendor/laravel/sanctum/src/SanctumServiceProvider.php(56): Laravel/Sanctum/SanctumServiceProvider->defineRoutes()
#9 C:/Users/edwin/Desktop/REpos/SitemaTicketApi/vendor/laravel/framework/src/Illuminate/Container/BoundMethod.php(36): Laravel/Sanctum/SanctumServiceProvider->boot()
#10 C:/Users/edwin/Desktop/REpos/SitemaTicketApi/vendor/laravel/framework/src/Illuminate/Container/Util.php(43): Illuminate/Container/BoundMethod::Illuminate/Container/{closure}()
#11 C:/Users/edwin/Desktop/REpos/SitemaTicketApi/vendor/laravel/framework/src/Illuminate/Container/BoundMethod.php(95): Illuminate/Container/Util::unwrapIfClosure(Object(Closure))
#12 C:/Users/edwin/Desktop/REpos/SitemaTicketApi/vendor/laravel/framework/src/Illuminate/Container/BoundMethod.php(35): Illuminate/Container/BoundMethod::callBoundMethod(Object(Illuminate/Foundation/Application), Array, Object(Closure))
#13 C:/Users/edwin/Desktop/REpos/SitemaTicketApi/vendor/laravel/framework/src/Illuminate/Container/Container.php(696): Illuminate/Container/BoundMethod::call(Object(Illuminate/Foundation/Application), Array, Array, NULL)
#14 C:/Users/edwin/Desktop/REpos/SitemaTicketApi/vendor/laravel/framework/src/Illuminate/Foundation/Application.php(1151): Illuminate/Container/Container->call(Array)
#15 C:/Users/edwin/Desktop/REpos/SitemaTicketApi/vendor/laravel/framework/src/Illuminate/Foundation/Application.php(1132): Illuminate/Foundation/Application->bootProvider(Object(Laravel/Sanctum/SanctumServiceProvider))
#16 [internal function]: Illuminate/Foundation/Application->Illuminate/Foundation/{closure}(Object(Laravel/Sanctum/SanctumServiceProvider), 'Laravel//Sanctum...')
#17 C:/Users/edwin/Desktop/REpos/SitemaTicketApi/vendor/laravel/framework/src/Illuminate/Foundation/Application.php(1131): array_walk(Array, Object(Closure))
#18 C:/Users/edwin/Desktop/REpos/SitemaTicketApi/vendor/laravel/framework/src/Illuminate/Foundation/Bootstrap/BootProviders.php(17): Illuminate/Foundation/Application->boot()
#19 C:/Users/edwin/Desktop/REpos/SitemaTicketApi/vendor/laravel/framework/src/Illuminate/Foundation/Application.php(342): Illuminate/Foundation/Bootstrap/BootProviders->bootstrap(Object(Illuminate/Foundation/Application))
#20 C:/Users/edwin/Desktop/REpos/SitemaTicketApi/vendor/laravel/framework/src/Illuminate/Foundation/Console/Kernel.php(474): Illuminate/Foundation/Application->bootstrapWith(Array)
#21 C:/Users/edwin/Desktop/REpos/SitemaTicketApi/vendor/laravel/framework/src/Illuminate/Foundation/Console/Kernel.php(196): Illuminate/Foundation/Console/Kernel->bootstrap()
#22 C:/Users/edwin/Desktop/REpos/SitemaTicketApi/artisan(12): Illuminate/Foundation/Console/Kernel->handle(Object(Symfony/Component/Console/Input/ArgvInput), Object(Symfony/Component/Console/Output/ConsoleOutput))
#23 {main}
"} 
[2026-03-19 05:51:07] local.ERROR: Target [Illuminate\Contracts\Http\Kernel] is not instantiable while building [Laravel\Sanctum\SanctumServiceProvider]. {"exception":"[object] (Illuminate\\Contracts\\Container\\BindingResolutionException(code: 0): Target [Illuminate\\Contracts\\Http\\Kernel] is not instantiable while building [Laravel\\Sanctum\\SanctumServiceProvider]. at C:/Users/edwin/Desktop/REpos/SitemaTicketApi/vendor/laravel/framework/src/Illuminate/Container/Container.php:1216)
[stacktrace]
#0 C:/Users/edwin/Desktop/REpos/SitemaTicketApi/vendor/laravel/framework/src/Illuminate/Container/Container.php(968): Illuminate/Container/Container->notInstantiable('Illuminate//Cont...')
#1 C:/Users/edwin/Desktop/REpos/SitemaTicketApi/vendor/laravel/framework/src/Illuminate/Container/Container.php(832): Illuminate/Container/Container->build('Illuminate//Cont...')
#2 C:/Users/edwin/Desktop/REpos/SitemaTicketApi/vendor/laravel/framework/src/Illuminate/Foundation/Application.php(1078): Illuminate/Container/Container->resolve('Illuminate//Cont...', Array, true)
#3 C:/Users/edwin/Desktop/REpos/SitemaTicketApi/vendor/laravel/framework/src/Illuminate/Container/Container.php(763): Illuminate/Foundation/Application->resolve('Illuminate//Cont...', Array)
#4 C:/Users/edwin/Desktop/REpos/SitemaTicketApi/vendor/laravel/framework/src/Illuminate/Foundation/Application.php(1058): Illuminate/Container/Container->make('Illuminate//Cont...', Array)
#5 C:/Users/edwin/Desktop/REpos/SitemaTicketApi/vendor/laravel/sanctum/src/SanctumServiceProvider.php(126): Illuminate/Foundation/Application->make('Illuminate//Cont...')
#6 C:/Users/edwin/Desktop/REpos/SitemaTicketApi/vendor/laravel/sanctum/src/SanctumServiceProvider.php(58): Laravel/Sanctum/SanctumServiceProvider->configureMiddleware()
#7 C:/Users/edwin/Desktop/REpos/SitemaTicketApi/vendor/laravel/framework/src/Illuminate/Container/BoundMethod.php(36): Laravel/Sanctum/SanctumServiceProvider->boot()
#8 C:/Users/edwin/Desktop/REpos/SitemaTicketApi/vendor/laravel/framework/src/Illuminate/Container/Util.php(43): Illuminate/Container/BoundMethod::Illuminate/Container/{closure}()
#9 C:/Users/edwin/Desktop/REpos/SitemaTicketApi/vendor/laravel/framework/src/Illuminate/Container/BoundMethod.php(95): Illuminate/Container/Util::unwrapIfClosure(Object(Closure))
#10 C:/Users/edwin/Desktop/REpos/SitemaTicketApi/vendor/laravel/framework/src/Illuminate/Container/BoundMethod.php(35): Illuminate/Container/BoundMethod::callBoundMethod(Object(Illuminate/Foundation/Application), Array, Object(Closure))
#11 C:/Users/edwin/Desktop/REpos/SitemaTicketApi/vendor/laravel/framework/src/Illuminate/Container/Container.php(696): Illuminate/Container/BoundMethod::call(Object(Illuminate/Foundation/Application), Array, Array, NULL)
#12 C:/Users/edwin/Desktop/REpos/SitemaTicketApi/vendor/laravel/framework/src/Illuminate/Foundation/Application.php(1151): Illuminate/Container/Container->call(Array)
#13 C:/Users/edwin/Desktop/REpos/SitemaTicketApi/vendor/laravel/framework/src/Illuminate/Foundation/Application.php(1132): Illuminate/Foundation/Application->bootProvider(Object(Laravel/Sanctum/SanctumServiceProvider))
#14 [internal function]: Illuminate/Foundation/Application->Illuminate/Foundation/{closure}(Object(Laravel/Sanctum/SanctumServiceProvider), 'Laravel//Sanctum...')
#15 C:/Users/edwin/Desktop/REpos/SitemaTicketApi/vendor/laravel/framework/src/Illuminate/Foundation/Application.php(1131): array_walk(Array, Object(Closure))
#16 C:/Users/edwin/Desktop/REpos/SitemaTicketApi/vendor/laravel/framework/src/Illuminate/Foundation/Bootstrap/BootProviders.php(17): Illuminate/Foundation/Application->boot()
#17 C:/Users/edwin/Desktop/REpos/SitemaTicketApi/vendor/laravel/framework/src/Illuminate/Foundation/Application.php(342): Illuminate/Foundation/Bootstrap/BootProviders->bootstrap(Object(Illuminate/Foundation/Application))
#18 C:/Users/edwin/Desktop/REpos/SitemaTicketApi/vendor/laravel/framework/src/Illuminate/Foundation/Console/Kernel.php(474): Illuminate/Foundation/Application->bootstrapWith(Array)
#19 C:/Users/edwin/Desktop/REpos/SitemaTicketApi/vendor/laravel/framework/src/Illuminate/Foundation/Console/Kernel.php(196): Illuminate/Foundation/Console/Kernel->bootstrap()
#20 C:/Users/edwin/Desktop/REpos/SitemaTicketApi/artisan(12): Illuminate/Foundation/Console/Kernel->handle(Object(Symfony/Component/Console/Input/ArgvInput), Object(Symfony/Component/Console/Output/ConsoleOutput))
#21 {main}
"} 
[2026-03-27 05:25:45] local.ERROR: Target class [files] does not exist. {"exception":"[object] (Illuminate\\Contracts\\Container\\BindingResolutionException(code: 0): Target class [files] does not exist. at C:/Users/edwin/Desktop/REpos/SitemaTicketApi/vendor/laravel/framework/src/Illuminate/Container/Container.php:961)
[stacktrace]
#0 C:/Users/edwin/Desktop/REpos/SitemaTicketApi/vendor/laravel/framework/src/Illuminate/Container/Container.php(832): Illuminate/Container/Container->build('files')
#1 C:/Users/edwin/Desktop/REpos/SitemaTicketApi/vendor/laravel/framework/src/Illuminate/Foundation/Application.php(1078): Illuminate/Container/Container->resolve('files', Array, true)
#2 C:/Users/edwin/Desktop/REpos/SitemaTicketApi/vendor/laravel/framework/src/Illuminate/Container/Container.php(763): Illuminate/Foundation/Application->resolve('files', Array)
#3 C:/Users/edwin/Desktop/REpos/SitemaTicketApi/vendor/laravel/framework/src/Illuminate/Foundation/Application.php(1058): Illuminate/Container/Container->make('files', Array)
#4 C:/Users/edwin/Desktop/REpos/SitemaTicketApi/vendor/laravel/framework/src/Illuminate/Container/Container.php(1580): Illuminate/Foundation/Application->make('files')
#5 C:/Users/edwin/Desktop/REpos/SitemaTicketApi/vendor/laravel/framework/src/Illuminate/Foundation/Application.php(1325): Illuminate/Container/Container->offsetGet('files')
#6 C:/Users/edwin/Desktop/REpos/SitemaTicketApi/vendor/laravel/sanctum/src/SanctumServiceProvider.php(68): Illuminate/Foundation/Application->routesAreCached()
#7 C:/Users/edwin/Desktop/REpos/SitemaTicketApi/vendor/laravel/sanctum/src/SanctumServiceProvider.php(56): Laravel/Sanctum/SanctumServiceProvider->defineRoutes()
#8 C:/Users/edwin/Desktop/REpos/SitemaTicketApi/vendor/laravel/framework/src/Illuminate/Container/BoundMethod.php(36): Laravel/Sanctum/SanctumServiceProvider->boot()
#9 C:/Users/edwin/Desktop/REpos/SitemaTicketApi/vendor/laravel/framework/src/Illuminate/Container/Util.php(43): Illuminate/Container/BoundMethod::Illuminate/Container/{closure}()
#10 C:/Users/edwin/Desktop/REpos/SitemaTicketApi/vendor/laravel/framework/src/Illuminate/Container/BoundMethod.php(95): Illuminate/Container/Util::unwrapIfClosure(Object(Closure))
#11 C:/Users/edwin/Desktop/REpos/SitemaTicketApi/vendor/laravel/framework/src/Illuminate/Container/BoundMethod.php(35): Illuminate/Container/BoundMethod::callBoundMethod(Object(Illuminate/Foundation/Application), Array, Object(Closure))
#12 C:/Users/edwin/Desktop/REpos/SitemaTicketApi/vendor/laravel/framework/src/Illuminate/Container/Container.php(696): Illuminate/Container/BoundMethod::call(Object(Illuminate/Foundation/Application), Array, Array, NULL)
#13 C:/Users/edwin/Desktop/REpos/SitemaTicketApi/vendor/laravel/framework/src/Illuminate/Foundation/Application.php(1151): Illuminate/Container/Container->call(Array)
#14 C:/Users/edwin/Desktop/REpos/SitemaTicketApi/vendor/laravel/framework/src/Illuminate/Foundation/Application.php(1132): Illuminate/Foundation/Application->bootProvider(Object(Laravel/Sanctum/SanctumServiceProvider))
#15 [internal function]: Illuminate/Foundation/Application->Illuminate/Foundation/{closure}(Object(Laravel/Sanctum/SanctumServiceProvider), 'Laravel//Sanctum...')
#16 C:/Users/edwin/Desktop/REpos/SitemaTicketApi/vendor/laravel/framework/src/Illuminate/Foundation/Application.php(1131): array_walk(Array, Object(Closure))
#17 C:/Users/edwin/Desktop/REpos/SitemaTicketApi/vendor/laravel/framework/src/Illuminate/Foundation/Bootstrap/BootProviders.php(17): Illuminate/Foundation/Application->boot()
#18 C:/Users/edwin/Desktop/REpos/SitemaTicketApi/vendor/laravel/framework/src/Illuminate/Foundation/Application.php(342): Illuminate/Foundation/Bootstrap/BootProviders->bootstrap(Object(Illuminate/Foundation/Application))
#19 C:/Users/edwin/Desktop/REpos/SitemaTicketApi/vendor/laravel/framework/src/Illuminate/Foundation/Console/Kernel.php(474): Illuminate/Foundation/Application->bootstrapWith(Array)
#20 C:/Users/edwin/Desktop/REpos/SitemaTicketApi/vendor/laravel/framework/src/Illuminate/Foundation/Console/Kernel.php(196): Illuminate/Foundation/Console/Kernel->bootstrap()
#21 C:/Users/edwin/Desktop/REpos/SitemaTicketApi/artisan(12): Illuminate/Foundation/Console/Kernel->handle(Object(Symfony/Component/Console/Input/ArgvInput), Object(Symfony/Component/Console/Output/ConsoleOutput))
#22 {main}

[previous exception] [object] (ReflectionException(code: -1): Class \"files\" does not exist at C:/Users/edwin/Desktop/REpos/SitemaTicketApi/vendor/laravel/framework/src/Illuminate/Container/Container.php:959)
[stacktrace]
#0 C:/Users/edwin/Desktop/REpos/SitemaTicketApi/vendor/laravel/framework/src/Illuminate/Container/Container.php(959): ReflectionClass->__construct('files')
#1 C:/Users/edwin/Desktop/REpos/SitemaTicketApi/vendor/laravel/framework/src/Illuminate/Container/Container.php(832): Illuminate/Container/Container->build('files')
#2 C:/Users/edwin/Desktop/REpos/SitemaTicketApi/vendor/laravel/framework/src/Illuminate/Foundation/Application.php(1078): Illuminate/Container/Container->resolve('files', Array, true)
#3 C:/Users/edwin/Desktop/REpos/SitemaTicketApi/vendor/laravel/framework/src/Illuminate/Container/Container.php(763): Illuminate/Foundation/Application->resolve('files', Array)
#4 C:/Users/edwin/Desktop/REpos/SitemaTicketApi/vendor/laravel/framework/src/Illuminate/Foundation/Application.php(1058): Illuminate/Container/Container->make('files', Array)
#5 C:/Users/edwin/Desktop/REpos/SitemaTicketApi/vendor/laravel/framework/src/Illuminate/Container/Container.php(1580): Illuminate/Foundation/Application->make('files')
#6 C:/Users/edwin/Desktop/REpos/SitemaTicketApi/vendor/laravel/framework/src/Illuminate/Foundation/Application.php(1325): Illuminate/Container/Container->offsetGet('files')
#7 C:/Users/edwin/Desktop/REpos/SitemaTicketApi/vendor/laravel/sanctum/src/SanctumServiceProvider.php(68): Illuminate/Foundation/Application->routesAreCached()
#8 C:/Users/edwin/Desktop/REpos/SitemaTicketApi/vendor/laravel/sanctum/src/SanctumServiceProvider.php(56): Laravel/Sanctum/SanctumServiceProvider->defineRoutes()
#9 C:/Users/edwin/Desktop/REpos/SitemaTicketApi/vendor/laravel/framework/src/Illuminate/Container/BoundMethod.php(36): Laravel/Sanctum/SanctumServiceProvider->boot()
#10 C:/Users/edwin/Desktop/REpos/SitemaTicketApi/vendor/laravel/framework/src/Illuminate/Container/Util.php(43): Illuminate/Container/BoundMethod::Illuminate/Container/{closure}()
#11 C:/Users/edwin/Desktop/REpos/SitemaTicketApi/vendor/laravel/framework/src/Illuminate/Container/BoundMethod.php(95): Illuminate/Container/Util::unwrapIfClosure(Object(Closure))
#12 C:/Users/edwin/Desktop/REpos/SitemaTicketApi/vendor/laravel/framework/src/Illuminate/Container/BoundMethod.php(35): Illuminate/Container/BoundMethod::callBoundMethod(Object(Illuminate/Foundation/Application), Array, Object(Closure))
#13 C:/Users/edwin/Desktop/REpos/SitemaTicketApi/vendor/laravel/framework/src/Illuminate/Container/Container.php(696): Illuminate/Container/BoundMethod::call(Object(Illuminate/Foundation/Application), Array, Array, NULL)
#14 C:/Users/edwin/Desktop/REpos/SitemaTicketApi/vendor/laravel/framework/src/Illuminate/Foundation/Application.php(1151): Illuminate/Container/Container->call(Array)
#15 C:/Users/edwin/Desktop/REpos/SitemaTicketApi/vendor/laravel/framework/src/Illuminate/Foundation/Application.php(1132): Illuminate/Foundation/Application->bootProvider(Object(Laravel/Sanctum/SanctumServiceProvider))
#16 [internal function]: Illuminate/Foundation/Application->Illuminate/Foundation/{closure}(Object(Laravel/Sanctum/SanctumServiceProvider), 'Laravel//Sanctum...')
#17 C:/Users/edwin/Desktop/REpos/SitemaTicketApi/vendor/laravel/framework/src/Illuminate/Foundation/Application.php(1131): array_walk(Array, Object(Closure))
#18 C:/Users/edwin/Desktop/REpos/SitemaTicketApi/vendor/laravel/framework/src/Illuminate/Foundation/Bootstrap/BootProviders.php(17): Illuminate/Foundation/Application->boot()
#19 C:/Users/edwin/Desktop/REpos/SitemaTicketApi/vendor/laravel/framework/src/Illuminate/Foundation/Application.php(342): Illuminate/Foundation/Bootstrap/BootProviders->bootstrap(Object(Illuminate/Foundation/Application))
#20 C:/Users/edwin/Desktop/REpos/SitemaTicketApi/vendor/laravel/framework/src/Illuminate/Foundation/Console/Kernel.php(474): Illuminate/Foundation/Application->bootstrapWith(Array)
#21 C:/Users/edwin/Desktop/REpos/SitemaTicketApi/vendor/laravel/framework/src/Illuminate/Foundation/Console/Kernel.php(196): Illuminate/Foundation/Console/Kernel->bootstrap()
#22 C:/Users/edwin/Desktop/REpos/SitemaTicketApi/artisan(12): Illuminate/Foundation/Console/Kernel->handle(Object(Symfony/Component/Console/Input/ArgvInput), Object(Symfony/Component/Console/Output/ConsoleOutput))
#23 {main}
"} 
[2026-03-27 05:26:17] local.ERROR: There are no commands defined in the "route" namespace. {"exception":"[object] (Symfony\\Component\\Console\\Exception\\NamespaceNotFoundException(code: 0): There are no commands defined in the \"route\" namespace. at C:/Users/edwin/Desktop/REpos/SitemaTicketApi/vendor/symfony/console/Application.php:694)
[stacktrace]
#0 C:/Users/edwin/Desktop/REpos/SitemaTicketApi/vendor/symfony/console/Application.php(743): Symfony/Component/Console/Application->findNamespace('route')
#1 C:/Users/edwin/Desktop/REpos/SitemaTicketApi/vendor/symfony/console/Application.php(298): Symfony/Component/Console/Application->find('route:list')
#2 C:/Users/edwin/Desktop/REpos/SitemaTicketApi/vendor/symfony/console/Application.php(195): Symfony/Component/Console/Application->doRun(Object(Symfony/Component/Console/Input/ArgvInput), Object(Symfony/Component/Console/Output/ConsoleOutput))
#3 C:/Users/edwin/Desktop/REpos/SitemaTicketApi/vendor/laravel/framework/src/Illuminate/Foundation/Console/Kernel.php(198): Symfony/Component/Console/Application->run(Object(Symfony/Component/Console/Input/ArgvInput), Object(Symfony/Component/Console/Output/ConsoleOutput))
#4 C:/Users/edwin/Desktop/REpos/SitemaTicketApi/artisan(12): Illuminate/Foundation/Console/Kernel->handle(Object(Symfony/Component/Console/Input/ArgvInput), Object(Symfony/Component/Console/Output/ConsoleOutput))
#5 {main}
"} 
[2026-03-27 05:28:09] local.ERROR: rename(C:\Users\edwin\Desktop\REpos\SitemaTicketApi\bootstrap\cache\ser64B1.tmp,C:\Users\edwin\Desktop\REpos\SitemaTicketApi\bootstrap\cache\services.php): Acceso denegado (code: 5) {"exception":"[object] (ErrorException(code: 0): rename(C:\\Users\\edwin\\Desktop\\REpos\\SitemaTicketApi\\bootstrap\\cache\\ser64B1.tmp,C:\\Users\\edwin\\Desktop\\REpos\\SitemaTicketApi\\bootstrap\\cache\\services.php): Acceso denegado (code: 5) at C:/Users/edwin/Desktop/REpos/SitemaTicketApi/vendor/laravel/framework/src/Illuminate/Filesystem/Filesystem.php:233)
[stacktrace]
#0 C:/Users/edwin/Desktop/REpos/SitemaTicketApi/vendor/laravel/framework/src/Illuminate/Foundation/Bootstrap/HandleExceptions.php(258): Illuminate/Foundation/Bootstrap/HandleExceptions->handleError(2, 'rename(C://Users...', 'C://Users//edwin//...', 233)
#1 [internal function]: Illuminate/Foundation/Bootstrap/HandleExceptions->Illuminate/Foundation/Bootstrap/{closure}(2, 'rename(C://Users...', 'C://Users//edwin//...', 233)
#2 C:/Users/edwin/Desktop/REpos/SitemaTicketApi/vendor/laravel/framework/src/Illuminate/Filesystem/Filesystem.php(233): rename('C://Users//edwin//...', 'C://Users//edwin//...')
#3 C:/Users/edwin/Desktop/REpos/SitemaTicketApi/vendor/laravel/framework/src/Illuminate/Foundation/ProviderRepository.php(191): Illuminate/Filesystem/Filesystem->replace('C://Users//edwin//...', '<?php return ar...')
#4 C:/Users/edwin/Desktop/REpos/SitemaTicketApi/vendor/laravel/framework/src/Illuminate/Foundation/ProviderRepository.php(163): Illuminate/Foundation/ProviderRepository->writeManifest(Array)
#5 C:/Users/edwin/Desktop/REpos/SitemaTicketApi/vendor/laravel/framework/src/Illuminate/Foundation/ProviderRepository.php(61): Illuminate/Foundation/ProviderRepository->compileManifest(Array)
#6 C:/Users/edwin/Desktop/REpos/SitemaTicketApi/vendor/laravel/framework/src/Illuminate/Foundation/Application.php(871): Illuminate/Foundation/ProviderRepository->load(Array)
#7 C:/Users/edwin/Desktop/REpos/SitemaTicketApi/vendor/laravel/framework/src/Illuminate/Foundation/Bootstrap/RegisterProviders.php(37): Illuminate/Foundation/Application->registerConfiguredProviders()
#8 C:/Users/edwin/Desktop/REpos/SitemaTicketApi/vendor/laravel/framework/src/Illuminate/Foundation/Application.php(342): Illuminate/Foundation/Bootstrap/RegisterProviders->bootstrap(Object(Illuminate/Foundation/Application))
#9 C:/Users/edwin/Desktop/REpos/SitemaTicketApi/vendor/laravel/framework/src/Illuminate/Foundation/Console/Kernel.php(474): Illuminate/Foundation/Application->bootstrapWith(Array)
#10 C:/Users/edwin/Desktop/REpos/SitemaTicketApi/vendor/laravel/framework/src/Illuminate/Foundation/Console/Kernel.php(196): Illuminate/Foundation/Console/Kernel->bootstrap()
#11 C:/Users/edwin/Desktop/REpos/SitemaTicketApi/artisan(12): Illuminate/Foundation/Console/Kernel->handle(Object(Symfony/Component/Console/Input/ArgvInput), Object(Symfony/Component/Console/Output/ConsoleOutput))
#12 {main}
"} 
[2026-03-27 05:31:20] local.ERROR: Target class [DatabaseSeeder] does not exist. {"exception":"[object] (Illuminate\\Contracts\\Container\\BindingResolutionException(code: 0): Target class [DatabaseSeeder] does not exist. at C:/Users/edwin/Desktop/REpos/SitemaTicketApi/vendor/laravel/framework/src/Illuminate/Container/Container.php:961)
[stacktrace]
#0 C:/Users/edwin/Desktop/REpos/SitemaTicketApi/vendor/laravel/framework/src/Illuminate/Container/Container.php(832): Illuminate/Container/Container->build('DatabaseSeeder')
#1 C:/Users/edwin/Desktop/REpos/SitemaTicketApi/vendor/laravel/framework/src/Illuminate/Foundation/Application.php(1078): Illuminate/Container/Container->resolve('DatabaseSeeder', Array, true)
#2 C:/Users/edwin/Desktop/REpos/SitemaTicketApi/vendor/laravel/framework/src/Illuminate/Container/Container.php(763): Illuminate/Foundation/Application->resolve('DatabaseSeeder', Array)
#3 C:/Users/edwin/Desktop/REpos/SitemaTicketApi/vendor/laravel/framework/src/Illuminate/Foundation/Application.php(1058): Illuminate/Container/Container->make('DatabaseSeeder', Array)
#4 C:/Users/edwin/Desktop/REpos/SitemaTicketApi/vendor/laravel/framework/src/Illuminate/Database/Console/Seeds/SeedCommand.php(98): Illuminate/Foundation/Application->make('DatabaseSeeder')
#5 C:/Users/edwin/Desktop/REpos/SitemaTicketApi/vendor/laravel/framework/src/Illuminate/Database/Console/Seeds/SeedCommand.php(70): Illuminate/Database/Console/Seeds/SeedCommand->getSeeder()
#6 C:/Users/edwin/Desktop/REpos/SitemaTicketApi/vendor/laravel/framework/src/Illuminate/Database/Eloquent/Concerns/GuardsAttributes.php(155): Illuminate/Database/Console/Seeds/SeedCommand->Illuminate/Database/Console/Seeds/{closure}()
#7 C:/Users/edwin/Desktop/REpos/SitemaTicketApi/vendor/laravel/framework/src/Illuminate/Database/Console/Seeds/SeedCommand.php(69): Illuminate/Database/Eloquent/Model::unguarded(Object(Closure))
#8 C:/Users/edwin/Desktop/REpos/SitemaTicketApi/vendor/laravel/framework/src/Illuminate/Container/BoundMethod.php(36): Illuminate/Database/Console/Seeds/SeedCommand->handle()
#9 C:/Users/edwin/Desktop/REpos/SitemaTicketApi/vendor/laravel/framework/src/Illuminate/Container/Util.php(43): Illuminate/Container/BoundMethod::Illuminate/Container/{closure}()
#10 C:/Users/edwin/Desktop/REpos/SitemaTicketApi/vendor/laravel/framework/src/Illuminate/Container/BoundMethod.php(95): Illuminate/Container/Util::unwrapIfClosure(Object(Closure))
#11 C:/Users/edwin/Desktop/REpos/SitemaTicketApi/vendor/laravel/framework/src/Illuminate/Container/BoundMethod.php(35): Illuminate/Container/BoundMethod::callBoundMethod(Object(Illuminate/Foundation/Application), Array, Object(Closure))
#12 C:/Users/edwin/Desktop/REpos/SitemaTicketApi/vendor/laravel/framework/src/Illuminate/Container/Container.php(696): Illuminate/Container/BoundMethod::call(Object(Illuminate/Foundation/Application), Array, Array, NULL)
#13 C:/Users/edwin/Desktop/REpos/SitemaTicketApi/vendor/laravel/framework/src/Illuminate/Console/Command.php(213): Illuminate/Container/Container->call(Array)
#14 C:/Users/edwin/Desktop/REpos/SitemaTicketApi/vendor/symfony/console/Command/Command.php(341): Illuminate/Console/Command->execute(Object(Symfony/Component/Console/Input/ArrayInput), Object(Illuminate/Console/OutputStyle))
#15 C:/Users/edwin/Desktop/REpos/SitemaTicketApi/vendor/laravel/framework/src/Illuminate/Console/Command.php(182): Symfony/Component/Console/Command/Command->run(Object(Symfony/Component/Console/Input/ArrayInput), Object(Illuminate/Console/OutputStyle))
#16 C:/Users/edwin/Desktop/REpos/SitemaTicketApi/vendor/laravel/framework/src/Illuminate/Console/Concerns/CallsCommands.php(68): Illuminate/Console/Command->run(Object(Symfony/Component/Console/Input/ArrayInput), Object(Illuminate/Console/OutputStyle))
#17 C:/Users/edwin/Desktop/REpos/SitemaTicketApi/vendor/laravel/framework/src/Illuminate/Console/Concerns/CallsCommands.php(29): Illuminate/Console/Command->runCommand('db:seed', Array, Object(Illuminate/Console/OutputStyle))
#18 C:/Users/edwin/Desktop/REpos/SitemaTicketApi/vendor/laravel/framework/src/Illuminate/Database/Console/Migrations/FreshCommand.php(122): Illuminate/Console/Command->call('db:seed', Array)
#19 C:/Users/edwin/Desktop/REpos/SitemaTicketApi/vendor/laravel/framework/src/Illuminate/Database/Console/Migrations/FreshCommand.php(98): Illuminate/Database/Console/Migrations/FreshCommand->runSeeder(NULL)
#20 C:/Users/edwin/Desktop/REpos/SitemaTicketApi/vendor/laravel/framework/src/Illuminate/Container/BoundMethod.php(36): Illuminate/Database/Console/Migrations/FreshCommand->handle()
#21 C:/Users/edwin/Desktop/REpos/SitemaTicketApi/vendor/laravel/framework/src/Illuminate/Container/Util.php(43): Illuminate/Container/BoundMethod::Illuminate/Container/{closure}()
#22 C:/Users/edwin/Desktop/REpos/SitemaTicketApi/vendor/laravel/framework/src/Illuminate/Container/BoundMethod.php(95): Illuminate/Container/Util::unwrapIfClosure(Object(Closure))
#23 C:/Users/edwin/Desktop/REpos/SitemaTicketApi/vendor/laravel/framework/src/Illuminate/Container/BoundMethod.php(35): Illuminate/Container/BoundMethod::callBoundMethod(Object(Illuminate/Foundation/Application), Array, Object(Closure))
#24 C:/Users/edwin/Desktop/REpos/SitemaTicketApi/vendor/laravel/framework/src/Illuminate/Container/Container.php(696): Illuminate/Container/BoundMethod::call(Object(Illuminate/Foundation/Application), Array, Array, NULL)
#25 C:/Users/edwin/Desktop/REpos/SitemaTicketApi/vendor/laravel/framework/src/Illuminate/Console/Command.php(213): Illuminate/Container/Container->call(Array)
#26 C:/Users/edwin/Desktop/REpos/SitemaTicketApi/vendor/symfony/console/Command/Command.php(341): Illuminate/Console/Command->execute(Object(Symfony/Component/Console/Input/ArgvInput), Object(Illuminate/Console/OutputStyle))
#27 C:/Users/edwin/Desktop/REpos/SitemaTicketApi/vendor/laravel/framework/src/Illuminate/Console/Command.php(182): Symfony/Component/Console/Command/Command->run(Object(Symfony/Component/Console/Input/ArgvInput), Object(Illuminate/Console/OutputStyle))
#28 C:/Users/edwin/Desktop/REpos/SitemaTicketApi/vendor/symfony/console/Application.php(1117): Illuminate/Console/Command->run(Object(Symfony/Component/Console/Input/ArgvInput), Object(Symfony/Component/Console/Output/ConsoleOutput))
#29 C:/Users/edwin/Desktop/REpos/SitemaTicketApi/vendor/symfony/console/Application.php(356): Symfony/Component/Console/Application->doRunCommand(Object(Illuminate/Database/Console/Migrations/FreshCommand), Object(Symfony/Component/Console/Input/ArgvInput), Object(Symfony/Component/Console/Output/ConsoleOutput))
#30 C:/Users/edwin/Desktop/REpos/SitemaTicketApi/vendor/symfony/console/Application.php(195): Symfony/Component/Console/Application->doRun(Object(Symfony/Component/Console/Input/ArgvInput), Object(Symfony/Component/Console/Output/ConsoleOutput))
#31 C:/Users/edwin/Desktop/REpos/SitemaTicketApi/vendor/laravel/framework/src/Illuminate/Foundation/Console/Kernel.php(198): Symfony/Component/Console/Application->run(Object(Symfony/Component/Console/Input/ArgvInput), Object(Symfony/Component/Console/Output/ConsoleOutput))
#32 C:/Users/edwin/Desktop/REpos/SitemaTicketApi/artisan(12): Illuminate/Foundation/Console/Kernel->handle(Object(Symfony/Component/Console/Input/ArgvInput), Object(Symfony/Component/Console/Output/ConsoleOutput))
#33 {main}

[previous exception] [object] (ReflectionException(code: -1): Class \"DatabaseSeeder\" does not exist at C:/Users/edwin/Desktop/REpos/SitemaTicketApi/vendor/laravel/framework/src/Illuminate/Container/Container.php:959)
[stacktrace]
#0 C:/Users/edwin/Desktop/REpos/SitemaTicketApi/vendor/laravel/framework/src/Illuminate/Container/Container.php(959): ReflectionClass->__construct('DatabaseSeeder')
#1 C:/Users/edwin/Desktop/REpos/SitemaTicketApi/vendor/laravel/framework/src/Illuminate/Container/Container.php(832): Illuminate/Container/Container->build('DatabaseSeeder')
#2 C:/Users/edwin/Desktop/REpos/SitemaTicketApi/vendor/laravel/framework/src/Illuminate/Foundation/Application.php(1078): Illuminate/Container/Container->resolve('DatabaseSeeder', Array, true)
#3 C:/Users/edwin/Desktop/REpos/SitemaTicketApi/vendor/laravel/framework/src/Illuminate/Container/Container.php(763): Illuminate/Foundation/Application->resolve('DatabaseSeeder', Array)
#4 C:/Users/edwin/Desktop/REpos/SitemaTicketApi/vendor/laravel/framework/src/Illuminate/Foundation/Application.php(1058): Illuminate/Container/Container->make('DatabaseSeeder', Array)
#5 C:/Users/edwin/Desktop/REpos/SitemaTicketApi/vendor/laravel/framework/src/Illuminate/Database/Console/Seeds/SeedCommand.php(98): Illuminate/Foundation/Application->make('DatabaseSeeder')
#6 C:/Users/edwin/Desktop/REpos/SitemaTicketApi/vendor/laravel/framework/src/Illuminate/Database/Console/Seeds/SeedCommand.php(70): Illuminate/Database/Console/Seeds/SeedCommand->getSeeder()
#7 C:/Users/edwin/Desktop/REpos/SitemaTicketApi/vendor/laravel/framework/src/Illuminate/Database/Eloquent/Concerns/GuardsAttributes.php(155): Illuminate/Database/Console/Seeds/SeedCommand->Illuminate/Database/Console/Seeds/{closure}()
#8 C:/Users/edwin/Desktop/REpos/SitemaTicketApi/vendor/laravel/framework/src/Illuminate/Database/Console/Seeds/SeedCommand.php(69): Illuminate/Database/Eloquent/Model::unguarded(Object(Closure))
#9 C:/Users/edwin/Desktop/REpos/SitemaTicketApi/vendor/laravel/framework/src/Illuminate/Container/BoundMethod.php(36): Illuminate/Database/Console/Seeds/SeedCommand->handle()
#10 C:/Users/edwin/Desktop/REpos/SitemaTicketApi/vendor/laravel/framework/src/Illuminate/Container/Util.php(43): Illuminate/Container/BoundMethod::Illuminate/Container/{closure}()
#11 C:/Users/edwin/Desktop/REpos/SitemaTicketApi/vendor/laravel/framework/src/Illuminate/Container/BoundMethod.php(95): Illuminate/Container/Util::unwrapIfClosure(Object(Closure))
#12 C:/Users/edwin/Desktop/REpos/SitemaTicketApi/vendor/laravel/framework/src/Illuminate/Container/BoundMethod.php(35): Illuminate/Container/BoundMethod::callBoundMethod(Object(Illuminate/Foundation/Application), Array, Object(Closure))
#13 C:/Users/edwin/Desktop/REpos/SitemaTicketApi/vendor/laravel/framework/src/Illuminate/Container/Container.php(696): Illuminate/Container/BoundMethod::call(Object(Illuminate/Foundation/Application), Array, Array, NULL)
#14 C:/Users/edwin/Desktop/REpos/SitemaTicketApi/vendor/laravel/framework/src/Illuminate/Console/Command.php(213): Illuminate/Container/Container->call(Array)
#15 C:/Users/edwin/Desktop/REpos/SitemaTicketApi/vendor/symfony/console/Command/Command.php(341): Illuminate/Console/Command->execute(Object(Symfony/Component/Console/Input/ArrayInput), Object(Illuminate/Console/OutputStyle))
#16 C:/Users/edwin/Desktop/REpos/SitemaTicketApi/vendor/laravel/framework/src/Illuminate/Console/Command.php(182): Symfony/Component/Console/Command/Command->run(Object(Symfony/Component/Console/Input/ArrayInput), Object(Illuminate/Console/OutputStyle))
#17 C:/Users/edwin/Desktop/REpos/SitemaTicketApi/vendor/laravel/framework/src/Illuminate/Console/Concerns/CallsCommands.php(68): Illuminate/Console/Command->run(Object(Symfony/Component/Console/Input/ArrayInput), Object(Illuminate/Console/OutputStyle))
#18 C:/Users/edwin/Desktop/REpos/SitemaTicketApi/vendor/laravel/framework/src/Illuminate/Console/Concerns/CallsCommands.php(29): Illuminate/Console/Command->runCommand('db:seed', Array, Object(Illuminate/Console/OutputStyle))
#19 C:/Users/edwin/Desktop/REpos/SitemaTicketApi/vendor/laravel/framework/src/Illuminate/Database/Console/Migrations/FreshCommand.php(122): Illuminate/Console/Command->call('db:seed', Array)
#20 C:/Users/edwin/Desktop/REpos/SitemaTicketApi/vendor/laravel/framework/src/Illuminate/Database/Console/Migrations/FreshCommand.php(98): Illuminate/Database/Console/Migrations/FreshCommand->runSeeder(NULL)
#21 C:/Users/edwin/Desktop/REpos/SitemaTicketApi/vendor/laravel/framework/src/Illuminate/Container/BoundMethod.php(36): Illuminate/Database/Console/Migrations/FreshCommand->handle()
#22 C:/Users/edwin/Desktop/REpos/SitemaTicketApi/vendor/laravel/framework/src/Illuminate/Container/Util.php(43): Illuminate/Container/BoundMethod::Illuminate/Container/{closure}()
#23 C:/Users/edwin/Desktop/REpos/SitemaTicketApi/vendor/laravel/framework/src/Illuminate/Container/BoundMethod.php(95): Illuminate/Container/Util::unwrapIfClosure(Object(Closure))
#24 C:/Users/edwin/Desktop/REpos/SitemaTicketApi/vendor/laravel/framework/src/Illuminate/Container/BoundMethod.php(35): Illuminate/Container/BoundMethod::callBoundMethod(Object(Illuminate/Foundation/Application), Array, Object(Closure))
#25 C:/Users/edwin/Desktop/REpos/SitemaTicketApi/vendor/laravel/framework/src/Illuminate/Container/Container.php(696): Illuminate/Container/BoundMethod::call(Object(Illuminate/Foundation/Application), Array, Array, NULL)
#26 C:/Users/edwin/Desktop/REpos/SitemaTicketApi/vendor/laravel/framework/src/Illuminate/Console/Command.php(213): Illuminate/Container/Container->call(Array)
#27 C:/Users/edwin/Desktop/REpos/SitemaTicketApi/vendor/symfony/console/Command/Command.php(341): Illuminate/Console/Command->execute(Object(Symfony/Component/Console/Input/ArgvInput), Object(Illuminate/Console/OutputStyle))
#28 C:/Users/edwin/Desktop/REpos/SitemaTicketApi/vendor/laravel/framework/src/Illuminate/Console/Command.php(182): Symfony/Component/Console/Command/Command->run(Object(Symfony/Component/Console/Input/ArgvInput), Object(Illuminate/Console/OutputStyle))
#29 C:/Users/edwin/Desktop/REpos/SitemaTicketApi/vendor/symfony/console/Application.php(1117): Illuminate/Console/Command->run(Object(Symfony/Component/Console/Input/ArgvInput), Object(Symfony/Component/Console/Output/ConsoleOutput))
#30 C:/Users/edwin/Desktop/REpos/SitemaTicketApi/vendor/symfony/console/Application.php(356): Symfony/Component/Console/Application->doRunCommand(Object(Illuminate/Database/Console/Migrations/FreshCommand), Object(Symfony/Component/Console/Input/ArgvInput), Object(Symfony/Component/Console/Output/ConsoleOutput))
#31 C:/Users/edwin/Desktop/REpos/SitemaTicketApi/vendor/symfony/console/Application.php(195): Symfony/Component/Console/Application->doRun(Object(Symfony/Component/Console/Input/ArgvInput), Object(Symfony/Component/Console/Output/ConsoleOutput))
#32 C:/Users/edwin/Desktop/REpos/SitemaTicketApi/vendor/laravel/framework/src/Illuminate/Foundation/Console/Kernel.php(198): Symfony/Component/Console/Application->run(Object(Symfony/Component/Console/Input/ArgvInput), Object(Symfony/Component/Console/Output/ConsoleOutput))
#33 C:/Users/edwin/Desktop/REpos/SitemaTicketApi/artisan(12): Illuminate/Foundation/Console/Kernel->handle(Object(Symfony/Component/Console/Input/ArgvInput), Object(Symfony/Component/Console/Output/ConsoleOutput))
#34 {main}
"} 
